<?xml version="1.0" encoding="UTF-8"?>
<!-- Generated by org.testng.reporters.JUnitXMLReporter -->
<testsuite ignored="0" hostname="DESKTOP-QN3PJ5S" failures="0" tests="3" name="Default test" time="0.647" errors="0" timestamp="2024-01-08T15:28:43 IST">
  <testcase classname="Third_Script.Home_Page_Mvn_" name="ContentsDisplay" time="0.21"/>
  <testcase classname="Third_Script.Home_Page_Mvn_" name="NavigationLinks" time="0.004"/>
  <testcase classname="Third_Script.Home_Page_Mvn_" name="SuccessfulHomepageAccess" time="0.016"/>
</testsuite> <!-- Default test -->
