<?xml version="1.0" encoding="UTF-8"?>
<!-- Generated by org.testng.reporters.JUnitXMLReporter -->
<testsuite ignored="0" hostname="DESKTOP-QN3PJ5S" failures="0" tests="10" name="Test" time="0.417" errors="0" timestamp="2024-01-08T16:00:46 IST">
  <testcase classname="First_Script_.Registration_Page_Mvn_" name="ValidEmailId" time="0.091"/>
  <testcase classname="First_Script_.Registration_Page_Mvn_" name="ValidMobileNo" time="0.012"/>
  <testcase classname="First_Script_.Registration_Page_Mvn_" name="ValidName" time="0.006"/>
  <testcase classname="Second_Script.Login_Page_Mvn_" name="EmptyFields" time="0.012"/>
  <testcase classname="Second_Script.Login_Page_Mvn_" name="InvalidCredentials" time="0.006"/>
  <testcase classname="Second_Script.Login_Page_Mvn_" name="RememberMeOptions" time="0.005"/>
  <testcase classname="Second_Script.Login_Page_Mvn_" name="ValidCredentials" time="0.004"/>
  <testcase classname="Third_Script.Home_Page_Mvn_" name="ContentsDisplay" time="0.007"/>
  <testcase classname="Third_Script.Home_Page_Mvn_" name="NavigationLinks" time="0.004"/>
  <testcase classname="Third_Script.Home_Page_Mvn_" name="SuccessfulHomepageAccess" time="0.003"/>
</testsuite> <!-- Test -->
