<?xml version="1.0" encoding="UTF-8"?>
<!-- Generated by org.testng.reporters.JUnitXMLReporter -->
<testsuite ignored="0" hostname="DESKTOP-QN3PJ5S" failures="0" tests="4" name="Test" time="0.26" errors="0" timestamp="2024-01-08T19:20:48 IST">
  <testcase classname="Second_Script.Login_Page_Mvn_" name="EmptyFields" time="0.09"/>
  <testcase classname="Second_Script.Login_Page_Mvn_" name="InvalidCredentials" time="0.006"/>
  <testcase classname="Second_Script.Login_Page_Mvn_" name="RememberMeOptions" time="0.002"/>
  <testcase classname="Second_Script.Login_Page_Mvn_" name="ValidCredentials" time="0.003"/>
</testsuite> <!-- Test -->
