<?xml version="1.0" encoding="UTF-8"?>
<testng-results ignored="0" total="10" passed="10" failed="0" skipped="0">
  <reporter-output>
  </reporter-output>
  <suite started-at="2024-01-08T16:00:46 IST" name="Suite" finished-at="2024-01-08T16:00:46 IST" duration-ms="417">
    <groups>
    </groups>
    <test started-at="2024-01-08T16:00:46 IST" name="Test" finished-at="2024-01-08T16:00:46 IST" duration-ms="417">
      <class name="First_Script_.Registration_Page_Mvn_">
        <test-method signature="ValidEmailId()[pri:0, instance:First_Script_.Registration_Page_Mvn_@62010f5c]" started-at="2024-01-08T16:00:46 IST" name="ValidEmailId" finished-at="2024-01-08T16:00:46 IST" duration-ms="91" status="PASS">
          <reporter-output>
          </reporter-output>
        </test-method> <!-- ValidEmailId -->
        <test-method signature="ValidMobileNo()[pri:0, instance:First_Script_.Registration_Page_Mvn_@62010f5c]" started-at="2024-01-08T16:00:46 IST" name="ValidMobileNo" finished-at="2024-01-08T16:00:46 IST" duration-ms="12" status="PASS">
          <reporter-output>
          </reporter-output>
        </test-method> <!-- ValidMobileNo -->
        <test-method signature="ValidName()[pri:0, instance:First_Script_.Registration_Page_Mvn_@62010f5c]" started-at="2024-01-08T16:00:46 IST" name="ValidName" finished-at="2024-01-08T16:00:46 IST" duration-ms="6" status="PASS">
          <reporter-output>
          </reporter-output>
        </test-method> <!-- ValidName -->
      </class> <!-- First_Script_.Registration_Page_Mvn_ -->
      <class name="Third_Script.Home_Page_Mvn_">
        <test-method signature="ContentsDisplay()[pri:0, instance:Third_Script.Home_Page_Mvn_@27216cd]" started-at="2024-01-08T16:00:46 IST" name="ContentsDisplay" finished-at="2024-01-08T16:00:46 IST" duration-ms="7" status="PASS">
          <reporter-output>
          </reporter-output>
        </test-method> <!-- ContentsDisplay -->
        <test-method signature="NavigationLinks()[pri:0, instance:Third_Script.Home_Page_Mvn_@27216cd]" started-at="2024-01-08T16:00:46 IST" name="NavigationLinks" finished-at="2024-01-08T16:00:46 IST" duration-ms="4" status="PASS">
          <reporter-output>
          </reporter-output>
        </test-method> <!-- NavigationLinks -->
        <test-method signature="SuccessfulHomepageAccess()[pri:0, instance:Third_Script.Home_Page_Mvn_@27216cd]" started-at="2024-01-08T16:00:46 IST" name="SuccessfulHomepageAccess" finished-at="2024-01-08T16:00:46 IST" duration-ms="3" status="PASS">
          <reporter-output>
          </reporter-output>
        </test-method> <!-- SuccessfulHomepageAccess -->
      </class> <!-- Third_Script.Home_Page_Mvn_ -->
      <class name="Second_Script.Login_Page_Mvn_">
        <test-method signature="EmptyFields()[pri:0, instance:Second_Script.Login_Page_Mvn_@492691d7]" started-at="2024-01-08T16:00:46 IST" name="EmptyFields" finished-at="2024-01-08T16:00:46 IST" duration-ms="12" status="PASS">
          <reporter-output>
          </reporter-output>
        </test-method> <!-- EmptyFields -->
        <test-method signature="InvalidCredentials()[pri:0, instance:Second_Script.Login_Page_Mvn_@492691d7]" started-at="2024-01-08T16:00:46 IST" name="InvalidCredentials" finished-at="2024-01-08T16:00:46 IST" duration-ms="6" status="PASS">
          <reporter-output>
          </reporter-output>
        </test-method> <!-- InvalidCredentials -->
        <test-method signature="RememberMeOptions()[pri:0, instance:Second_Script.Login_Page_Mvn_@492691d7]" started-at="2024-01-08T16:00:46 IST" name="RememberMeOptions" finished-at="2024-01-08T16:00:46 IST" duration-ms="5" status="PASS">
          <reporter-output>
          </reporter-output>
        </test-method> <!-- RememberMeOptions -->
        <test-method signature="ValidCredentials()[pri:0, instance:Second_Script.Login_Page_Mvn_@492691d7]" started-at="2024-01-08T16:00:46 IST" name="ValidCredentials" finished-at="2024-01-08T16:00:46 IST" duration-ms="4" status="PASS">
          <reporter-output>
          </reporter-output>
        </test-method> <!-- ValidCredentials -->
      </class> <!-- Second_Script.Login_Page_Mvn_ -->
    </test> <!-- Test -->
  </suite> <!-- Suite -->
</testng-results>
